This file contains any messages produced by compilers while
running configure, to aid debugging if configure makes a mistake.

It was created by shairplay configure 0.9.0, which was
generated by GNU Autoconf 2.69.  Invocation command line was

  $ ./configure 

## --------- ##
## Platform. ##
## --------- ##

hostname = viettd-Satellite-L505
uname -m = x86_64
uname -r = 3.13.0-34-generic
uname -s = Linux
uname -v = #60-Ubuntu SMP Wed Aug 13 15:45:27 UTC 2014

/usr/bin/uname -p = unknown
/bin/uname -X     = unknown

/bin/arch              = unknown
/usr/bin/arch -k       = unknown
/usr/convex/getsysinfo = unknown
/usr/bin/hostinfo      = unknown
/bin/machine           = unknown
/usr/bin/oslevel       = unknown
/bin/universe          = unknown

PATH: /home/viettd/jdk1.7.0_60//bin
PATH: /home/viettd/Dev/grails-2.4.0//bin
PATH: /usr/local/sbin
PATH: /usr/local/bin
PATH: /usr/sbin
PATH: /usr/bin
PATH: /sbin
PATH: /bin
PATH: /usr/games
PATH: /usr/local/games


## ----------- ##
## Core tests. ##
## ----------- ##

configure:2239: checking for a BSD-compatible install
configure:2307: result: /usr/bin/install -c
configure:2318: checking whether build environment is sane
configure:2373: result: yes
configure:2524: checking for a thread-safe mkdir -p
configure:2563: result: /bin/mkdir -p
configure:2570: checking for gawk
configure:2600: result: no
configure:2570: checking for mawk
configure:2586: found /usr/bin/mawk
configure:2597: result: mawk
configure:2608: checking whether make sets $(MAKE)
configure:2630: result: yes
configure:2659: checking whether make supports nested variables
configure:2676: result: yes
configure:2851: checking for gcc
configure:2867: found /usr/bin/gcc
configure:2878: result: gcc
configure:3107: checking for C compiler version
configure:3116: gcc --version >&5
gcc (Ubuntu 4.8.2-19ubuntu1) 4.8.2
Copyright (C) 2013 Free Software Foundation, Inc.
This is free software; see the source for copying conditions.  There is NO
warranty; not even for MERCHANTABILITY or FITNESS FOR A PARTICULAR PURPOSE.

configure:3127: $? = 0
configure:3116: gcc -v >&5
Using built-in specs.
COLLECT_GCC=gcc
COLLECT_LTO_WRAPPER=/usr/lib/gcc/x86_64-linux-gnu/4.8/lto-wrapper
Target: x86_64-linux-gnu
Configured with: ../src/configure -v --with-pkgversion='Ubuntu 4.8.2-19ubuntu1' --with-bugurl=file:///usr/share/doc/gcc-4.8/README.Bugs --enable-languages=c,c++,java,go,d,fortran,objc,obj-c++ --prefix=/usr --program-suffix=-4.8 --enable-shared --enable-linker-build-id --libexecdir=/usr/lib --without-included-gettext --enable-threads=posix --with-gxx-include-dir=/usr/include/c++/4.8 --libdir=/usr/lib --enable-nls --with-sysroot=/ --enable-clocale=gnu --enable-libstdcxx-debug --enable-libstdcxx-time=yes --enable-gnu-unique-object --disable-libmudflap --enable-plugin --with-system-zlib --disable-browser-plugin --enable-java-awt=gtk --enable-gtk-cairo --with-java-home=/usr/lib/jvm/java-1.5.0-gcj-4.8-amd64/jre --enable-java-home --with-jvm-root-dir=/usr/lib/jvm/java-1.5.0-gcj-4.8-amd64 --with-jvm-jar-dir=/usr/lib/jvm-exports/java-1.5.0-gcj-4.8-amd64 --with-arch-directory=amd64 --with-ecj-jar=/usr/share/java/eclipse-ecj.jar --enable-objc-gc --enable-multiarch --disable-werror --with-arch-32=i686 --with-abi=m64 --with-multilib-list=m32,m64,mx32 --with-tune=generic --enable-checking=release --build=x86_64-linux-gnu --host=x86_64-linux-gnu --target=x86_64-linux-gnu
Thread model: posix
gcc version 4.8.2 (Ubuntu 4.8.2-19ubuntu1) 
configure:3127: $? = 0
configure:3116: gcc -V >&5
gcc: error: unrecognized command line option '-V'
gcc: fatal error: no input files
compilation terminated.
configure:3127: $? = 4
configure:3116: gcc -qversion >&5
gcc: error: unrecognized command line option '-qversion'
gcc: fatal error: no input files
compilation terminated.
configure:3127: $? = 4
configure:3147: checking whether the C compiler works
configure:3169: gcc    conftest.c  >&5
configure:3173: $? = 0
configure:3221: result: yes
configure:3224: checking for C compiler default output file name
configure:3226: result: a.out
configure:3232: checking for suffix of executables
configure:3239: gcc -o conftest    conftest.c  >&5
configure:3243: $? = 0
configure:3265: result: 
configure:3287: checking whether we are cross compiling
configure:3295: gcc -o conftest    conftest.c  >&5
configure:3299: $? = 0
configure:3306: ./conftest
configure:3310: $? = 0
configure:3325: result: no
configure:3330: checking for suffix of object files
configure:3352: gcc -c   conftest.c >&5
configure:3356: $? = 0
configure:3377: result: o
configure:3381: checking whether we are using the GNU C compiler
configure:3400: gcc -c   conftest.c >&5
configure:3400: $? = 0
configure:3409: result: yes
configure:3418: checking whether gcc accepts -g
configure:3438: gcc -c -g  conftest.c >&5
configure:3438: $? = 0
configure:3479: result: yes
configure:3496: checking for gcc option to accept ISO C89
configure:3559: gcc  -c -g -O2  conftest.c >&5
configure:3559: $? = 0
configure:3572: result: none needed
configure:3597: checking whether gcc understands -c and -o together
configure:3619: gcc -c conftest.c -o conftest2.o
configure:3622: $? = 0
configure:3619: gcc -c conftest.c -o conftest2.o
configure:3622: $? = 0
configure:3634: result: yes
configure:3662: checking for style of include used by make
configure:3690: result: GNU
configure:3716: checking dependency style of gcc
configure:3827: result: gcc3
configure:3846: checking build system type
configure:3860: result: x86_64-unknown-linux-gnu
configure:3880: checking host system type
configure:3893: result: x86_64-unknown-linux-gnu
configure:4262: checking how to print strings
configure:4289: result: printf
configure:4310: checking for a sed that does not truncate output
configure:4374: result: /bin/sed
configure:4392: checking for grep that handles long lines and -e
configure:4450: result: /bin/grep
configure:4455: checking for egrep
configure:4517: result: /bin/grep -E
configure:4522: checking for fgrep
configure:4584: result: /bin/grep -F
configure:4619: checking for ld used by gcc
configure:4686: result: /usr/bin/ld
configure:4693: checking if the linker (/usr/bin/ld) is GNU ld
configure:4708: result: yes
configure:4720: checking for BSD- or MS-compatible name lister (nm)
configure:4769: result: /usr/bin/nm -B
configure:4899: checking the name lister (/usr/bin/nm -B) interface
configure:4906: gcc -c -g -O2  conftest.c >&5
configure:4909: /usr/bin/nm -B "conftest.o"
configure:4912: output
0000000000000000 B some_variable
configure:4919: result: BSD nm
configure:4922: checking whether ln -s works
configure:4926: result: yes
configure:4934: checking the maximum length of command line arguments
configure:5065: result: 1572864
configure:5082: checking whether the shell understands some XSI constructs
configure:5092: result: yes
configure:5096: checking whether the shell understands "+="
configure:5102: result: yes
configure:5137: checking how to convert x86_64-unknown-linux-gnu file names to x86_64-unknown-linux-gnu format
configure:5177: result: func_convert_file_noop
configure:5184: checking how to convert x86_64-unknown-linux-gnu file names to toolchain format
configure:5204: result: func_convert_file_noop
configure:5211: checking for /usr/bin/ld option to reload object files
configure:5218: result: -r
configure:5292: checking for objdump
configure:5319: result: objdump
configure:5348: checking how to recognize dependent libraries
configure:5546: result: pass_all
configure:5631: checking for dlltool
configure:5658: result: dlltool
configure:5688: checking how to associate runtime and link libraries
configure:5715: result: printf %s\n
configure:5776: checking for ar
configure:5792: found /usr/bin/ar
configure:5803: result: ar
configure:5840: checking for archiver @FILE support
configure:5857: gcc -c -g -O2  conftest.c >&5
configure:5857: $? = 0
configure:5860: ar cru libconftest.a @conftest.lst >&5
configure:5863: $? = 0
configure:5868: ar cru libconftest.a @conftest.lst >&5
ar: conftest.o: No such file or directory
configure:5871: $? = 1
configure:5883: result: @
configure:5941: checking for strip
configure:5957: found /usr/bin/strip
configure:5968: result: strip
configure:6040: checking for ranlib
configure:6056: found /usr/bin/ranlib
configure:6067: result: ranlib
configure:6169: checking command to parse /usr/bin/nm -B output from gcc object
configure:6289: gcc -c -g -O2  conftest.c >&5
configure:6292: $? = 0
configure:6296: /usr/bin/nm -B conftest.o \| sed -n -e 's/^.*[ ]\([ABCDGIRSTW][ABCDGIRSTW]*\)[ ][ ]*\([_A-Za-z][_A-Za-z0-9]*\)$/\1 \2 \2/p' | sed '/ __gnu_lto/d' \> conftest.nm
configure:6299: $? = 0
configure:6365: gcc -o conftest -g -O2   conftest.c conftstm.o >&5
configure:6368: $? = 0
configure:6406: result: ok
configure:6443: checking for sysroot
configure:6473: result: no
configure:6550: gcc -c -g -O2  conftest.c >&5
configure:6553: $? = 0
configure:6742: checking for mt
configure:6758: found /bin/mt
configure:6769: result: mt
configure:6792: checking if mt is a manifest tool
configure:6798: mt '-?'
configure:6806: result: no
configure:7448: checking how to run the C preprocessor
configure:7479: gcc -E  conftest.c
configure:7479: $? = 0
configure:7493: gcc -E  conftest.c
conftest.c:11:28: fatal error: ac_nonexistent.h: No such file or directory
 #include <ac_nonexistent.h>
                            ^
compilation terminated.
configure:7493: $? = 1
configure: failed program was:
| /* confdefs.h */
| #define PACKAGE_NAME "shairplay"
| #define PACKAGE_TARNAME "shairplay"
| #define PACKAGE_VERSION "0.9.0"
| #define PACKAGE_STRING "shairplay 0.9.0"
| #define PACKAGE_BUGREPORT "juhovh@iki.fi"
| #define PACKAGE_URL ""
| #define PACKAGE "shairplay"
| #define VERSION "0.9.0"
| /* end confdefs.h.  */
| #include <ac_nonexistent.h>
configure:7518: result: gcc -E
configure:7538: gcc -E  conftest.c
configure:7538: $? = 0
configure:7552: gcc -E  conftest.c
conftest.c:11:28: fatal error: ac_nonexistent.h: No such file or directory
 #include <ac_nonexistent.h>
                            ^
compilation terminated.
configure:7552: $? = 1
configure: failed program was:
| /* confdefs.h */
| #define PACKAGE_NAME "shairplay"
| #define PACKAGE_TARNAME "shairplay"
| #define PACKAGE_VERSION "0.9.0"
| #define PACKAGE_STRING "shairplay 0.9.0"
| #define PACKAGE_BUGREPORT "juhovh@iki.fi"
| #define PACKAGE_URL ""
| #define PACKAGE "shairplay"
| #define VERSION "0.9.0"
| /* end confdefs.h.  */
| #include <ac_nonexistent.h>
configure:7581: checking for ANSI C header files
configure:7601: gcc -c -g -O2  conftest.c >&5
configure:7601: $? = 0
configure:7674: gcc -o conftest -g -O2   conftest.c  >&5
configure:7674: $? = 0
configure:7674: ./conftest
configure:7674: $? = 0
configure:7685: result: yes
configure:7698: checking for sys/types.h
configure:7698: gcc -c -g -O2  conftest.c >&5
configure:7698: $? = 0
configure:7698: result: yes
configure:7698: checking for sys/stat.h
configure:7698: gcc -c -g -O2  conftest.c >&5
configure:7698: $? = 0
configure:7698: result: yes
configure:7698: checking for stdlib.h
configure:7698: gcc -c -g -O2  conftest.c >&5
configure:7698: $? = 0
configure:7698: result: yes
configure:7698: checking for string.h
configure:7698: gcc -c -g -O2  conftest.c >&5
configure:7698: $? = 0
configure:7698: result: yes
configure:7698: checking for memory.h
configure:7698: gcc -c -g -O2  conftest.c >&5
configure:7698: $? = 0
configure:7698: result: yes
configure:7698: checking for strings.h
configure:7698: gcc -c -g -O2  conftest.c >&5
configure:7698: $? = 0
configure:7698: result: yes
configure:7698: checking for inttypes.h
configure:7698: gcc -c -g -O2  conftest.c >&5
configure:7698: $? = 0
configure:7698: result: yes
configure:7698: checking for stdint.h
configure:7698: gcc -c -g -O2  conftest.c >&5
configure:7698: $? = 0
configure:7698: result: yes
configure:7698: checking for unistd.h
configure:7698: gcc -c -g -O2  conftest.c >&5
configure:7698: $? = 0
configure:7698: result: yes
configure:7712: checking for dlfcn.h
configure:7712: gcc -c -g -O2  conftest.c >&5
configure:7712: $? = 0
configure:7712: result: yes
configure:7916: checking for objdir
configure:7931: result: .libs
configure:8202: checking if gcc supports -fno-rtti -fno-exceptions
configure:8220: gcc -c -g -O2  -fno-rtti -fno-exceptions conftest.c >&5
cc1: warning: command line option '-fno-rtti' is valid for C++/ObjC++ but not for C [enabled by default]
configure:8224: $? = 0
configure:8237: result: no
configure:8564: checking for gcc option to produce PIC
configure:8571: result: -fPIC -DPIC
configure:8579: checking if gcc PIC flag -fPIC -DPIC works
configure:8597: gcc -c -g -O2  -fPIC -DPIC -DPIC conftest.c >&5
configure:8601: $? = 0
configure:8614: result: yes
configure:8643: checking if gcc static flag -static works
configure:8671: result: yes
configure:8686: checking if gcc supports -c -o file.o
configure:8707: gcc -c -g -O2  -o out/conftest2.o conftest.c >&5
configure:8711: $? = 0
configure:8733: result: yes
configure:8741: checking if gcc supports -c -o file.o
configure:8788: result: yes
configure:8821: checking whether the gcc linker (/usr/bin/ld -m elf_x86_64) supports shared libraries
configure:9978: result: yes
configure:10015: checking whether -lc should be explicitly linked in
configure:10023: gcc -c -g -O2  conftest.c >&5
configure:10026: $? = 0
configure:10041: gcc -shared  -fPIC -DPIC conftest.o  -v -Wl,-soname -Wl,conftest -o conftest 2\>\&1 \| /bin/grep  -lc  \>/dev/null 2\>\&1
configure:10044: $? = 0
configure:10058: result: no
configure:10218: checking dynamic linker characteristics
configure:10718: gcc -o conftest -g -O2   -Wl,-rpath -Wl,/foo conftest.c  >&5
configure:10718: $? = 0
configure:10952: result: GNU/Linux ld.so
configure:11059: checking how to hardcode library paths into programs
configure:11084: result: immediate
configure:11624: checking whether stripping libraries is possible
configure:11629: result: yes
configure:11664: checking if libtool supports shared libraries
configure:11666: result: yes
configure:11669: checking whether to build shared libraries
configure:11690: result: yes
configure:11693: checking whether to build static libraries
configure:11697: result: yes
configure:11748: checking for library containing dlopen
configure:11779: gcc -o conftest -g -O2   conftest.c  >&5
/tmp/ccMpSRqy.o: In function `main':
/home/viettd/Documents/c++/shairplay/conftest.c:34: undefined reference to `dlopen'
collect2: error: ld returned 1 exit status
configure:11779: $? = 1
configure: failed program was:
| /* confdefs.h */
| #define PACKAGE_NAME "shairplay"
| #define PACKAGE_TARNAME "shairplay"
| #define PACKAGE_VERSION "0.9.0"
| #define PACKAGE_STRING "shairplay 0.9.0"
| #define PACKAGE_BUGREPORT "juhovh@iki.fi"
| #define PACKAGE_URL ""
| #define PACKAGE "shairplay"
| #define VERSION "0.9.0"
| #define STDC_HEADERS 1
| #define HAVE_SYS_TYPES_H 1
| #define HAVE_SYS_STAT_H 1
| #define HAVE_STDLIB_H 1
| #define HAVE_STRING_H 1
| #define HAVE_MEMORY_H 1
| #define HAVE_STRINGS_H 1
| #define HAVE_INTTYPES_H 1
| #define HAVE_STDINT_H 1
| #define HAVE_UNISTD_H 1
| #define HAVE_DLFCN_H 1
| #define LT_OBJDIR ".libs/"
| /* end confdefs.h.  */
| 
| /* Override any GCC internal prototype to avoid an error.
|    Use char because int might match the return type of a GCC
|    builtin and then its argument prototype would still apply.  */
| #ifdef __cplusplus
| extern "C"
| #endif
| char dlopen ();
| int
| main ()
| {
| return dlopen ();
|   ;
|   return 0;
| }
configure:11779: gcc -o conftest -g -O2   conftest.c -ldl   >&5
configure:11779: $? = 0
configure:11796: result: -ldl
configure:11886: checking for dlerror
configure:11886: gcc -o conftest -g -O2   conftest.c -ldl  -ldl >&5
configure:11886: $? = 0
configure:11886: result: yes
configure:11900: checking for shl_load
configure:11900: gcc -o conftest -g -O2   conftest.c -ldl  >&5
/tmp/ccK95PJP.o: In function `main':
/home/viettd/Documents/c++/shairplay/conftest.c:59: undefined reference to `shl_load'
collect2: error: ld returned 1 exit status
configure:11900: $? = 1
configure: failed program was:
| /* confdefs.h */
| #define PACKAGE_NAME "shairplay"
| #define PACKAGE_TARNAME "shairplay"
| #define PACKAGE_VERSION "0.9.0"
| #define PACKAGE_STRING "shairplay 0.9.0"
| #define PACKAGE_BUGREPORT "juhovh@iki.fi"
| #define PACKAGE_URL ""
| #define PACKAGE "shairplay"
| #define VERSION "0.9.0"
| #define STDC_HEADERS 1
| #define HAVE_SYS_TYPES_H 1
| #define HAVE_SYS_STAT_H 1
| #define HAVE_STDLIB_H 1
| #define HAVE_STRING_H 1
| #define HAVE_MEMORY_H 1
| #define HAVE_STRINGS_H 1
| #define HAVE_INTTYPES_H 1
| #define HAVE_STDINT_H 1
| #define HAVE_UNISTD_H 1
| #define HAVE_DLFCN_H 1
| #define LT_OBJDIR ".libs/"
| #define HAVE_LIBDL 1
| #define HAVE_DLERROR 1
| /* end confdefs.h.  */
| /* Define shl_load to an innocuous variant, in case <limits.h> declares shl_load.
|    For example, HP-UX 11i <limits.h> declares gettimeofday.  */
| #define shl_load innocuous_shl_load
| 
| /* System header to define __stub macros and hopefully few prototypes,
|     which can conflict with char shl_load (); below.
|     Prefer <limits.h> to <assert.h> if __STDC__ is defined, since
|     <limits.h> exists even on freestanding compilers.  */
| 
| #ifdef __STDC__
| # include <limits.h>
| #else
| # include <assert.h>
| #endif
| 
| #undef shl_load
| 
| /* Override any GCC internal prototype to avoid an error.
|    Use char because int might match the return type of a GCC
|    builtin and then its argument prototype would still apply.  */
| #ifdef __cplusplus
| extern "C"
| #endif
| char shl_load ();
| /* The GNU C library defines this for functions which it implements
|     to always fail with ENOSYS.  Some functions are actually named
|     something starting with __ and the normal name is an alias.  */
| #if defined __stub_shl_load || defined __stub___shl_load
| choke me
| #endif
| 
| int
| main ()
| {
| return shl_load ();
|   ;
|   return 0;
| }
configure:11900: result: no
configure:11907: checking for shl_load in -ldld
configure:11932: gcc -o conftest -g -O2   conftest.c -ldld  -ldl  >&5
/usr/bin/ld: cannot find -ldld
collect2: error: ld returned 1 exit status
configure:11932: $? = 1
configure: failed program was:
| /* confdefs.h */
| #define PACKAGE_NAME "shairplay"
| #define PACKAGE_TARNAME "shairplay"
| #define PACKAGE_VERSION "0.9.0"
| #define PACKAGE_STRING "shairplay 0.9.0"
| #define PACKAGE_BUGREPORT "juhovh@iki.fi"
| #define PACKAGE_URL ""
| #define PACKAGE "shairplay"
| #define VERSION "0.9.0"
| #define STDC_HEADERS 1
| #define HAVE_SYS_TYPES_H 1
| #define HAVE_SYS_STAT_H 1
| #define HAVE_STDLIB_H 1
| #define HAVE_STRING_H 1
| #define HAVE_MEMORY_H 1
| #define HAVE_STRINGS_H 1
| #define HAVE_INTTYPES_H 1
| #define HAVE_STDINT_H 1
| #define HAVE_UNISTD_H 1
| #define HAVE_DLFCN_H 1
| #define LT_OBJDIR ".libs/"
| #define HAVE_LIBDL 1
| #define HAVE_DLERROR 1
| /* end confdefs.h.  */
| 
| /* Override any GCC internal prototype to avoid an error.
|    Use char because int might match the return type of a GCC
|    builtin and then its argument prototype would still apply.  */
| #ifdef __cplusplus
| extern "C"
| #endif
| char shl_load ();
| int
| main ()
| {
| return shl_load ();
|   ;
|   return 0;
| }
configure:11941: result: no
configure:11987: checking for dld_link in -ldld
configure:12012: gcc -o conftest -g -O2   conftest.c -ldld  -ldl  >&5
/usr/bin/ld: cannot find -ldld
collect2: error: ld returned 1 exit status
configure:12012: $? = 1
configure: failed program was:
| /* confdefs.h */
| #define PACKAGE_NAME "shairplay"
| #define PACKAGE_TARNAME "shairplay"
| #define PACKAGE_VERSION "0.9.0"
| #define PACKAGE_STRING "shairplay 0.9.0"
| #define PACKAGE_BUGREPORT "juhovh@iki.fi"
| #define PACKAGE_URL ""
| #define PACKAGE "shairplay"
| #define VERSION "0.9.0"
| #define STDC_HEADERS 1
| #define HAVE_SYS_TYPES_H 1
| #define HAVE_SYS_STAT_H 1
| #define HAVE_STDLIB_H 1
| #define HAVE_STRING_H 1
| #define HAVE_MEMORY_H 1
| #define HAVE_STRINGS_H 1
| #define HAVE_INTTYPES_H 1
| #define HAVE_STDINT_H 1
| #define HAVE_UNISTD_H 1
| #define HAVE_DLFCN_H 1
| #define LT_OBJDIR ".libs/"
| #define HAVE_LIBDL 1
| #define HAVE_DLERROR 1
| /* end confdefs.h.  */
| 
| /* Override any GCC internal prototype to avoid an error.
|    Use char because int might match the return type of a GCC
|    builtin and then its argument prototype would still apply.  */
| #ifdef __cplusplus
| extern "C"
| #endif
| char dld_link ();
| int
| main ()
| {
| return dld_link ();
|   ;
|   return 0;
| }
configure:12021: result: no
configure:12143: checking for cos in -lm
configure:12168: gcc -o conftest -g -O2   conftest.c -lm  -ldl  >&5
conftest.c:33:6: warning: conflicting types for built-in function 'cos' [enabled by default]
 char cos ();
      ^
configure:12168: $? = 0
configure:12177: result: yes
configure:12189: checking for ANSI C header files
configure:12293: result: yes
configure:12305: checking for connect in -lsocket
configure:12330: gcc -o conftest -g -O2   conftest.c -lsocket  -ldl  >&5
/usr/bin/ld: cannot find -lsocket
collect2: error: ld returned 1 exit status
configure:12330: $? = 1
configure: failed program was:
| /* confdefs.h */
| #define PACKAGE_NAME "shairplay"
| #define PACKAGE_TARNAME "shairplay"
| #define PACKAGE_VERSION "0.9.0"
| #define PACKAGE_STRING "shairplay 0.9.0"
| #define PACKAGE_BUGREPORT "juhovh@iki.fi"
| #define PACKAGE_URL ""
| #define PACKAGE "shairplay"
| #define VERSION "0.9.0"
| #define STDC_HEADERS 1
| #define HAVE_SYS_TYPES_H 1
| #define HAVE_SYS_STAT_H 1
| #define HAVE_STDLIB_H 1
| #define HAVE_STRING_H 1
| #define HAVE_MEMORY_H 1
| #define HAVE_STRINGS_H 1
| #define HAVE_INTTYPES_H 1
| #define HAVE_STDINT_H 1
| #define HAVE_UNISTD_H 1
| #define HAVE_DLFCN_H 1
| #define LT_OBJDIR ".libs/"
| #define HAVE_LIBDL 1
| #define HAVE_DLERROR 1
| #define HAVE_LIBDLLOADER 1
| #define STDC_HEADERS 1
| /* end confdefs.h.  */
| 
| /* Override any GCC internal prototype to avoid an error.
|    Use char because int might match the return type of a GCC
|    builtin and then its argument prototype would still apply.  */
| #ifdef __cplusplus
| extern "C"
| #endif
| char connect ();
| int
| main ()
| {
| return connect ();
|   ;
|   return 0;
| }
configure:12339: result: no
configure:12350: checking for pthread_create in -lpthread
configure:12375: gcc -o conftest -g -O2   conftest.c -lpthread  -ldl  >&5
configure:12375: $? = 0
configure:12384: result: yes
configure:12398: checking for native Win32
configure:12408: result: no
configure:12524: checking for pkg-config
configure:12542: found /usr/bin/pkg-config
configure:12554: result: /usr/bin/pkg-config
configure:12579: checking pkg-config is at least version 0.9.0
configure:12582: result: yes
configure:12593: checking for libao
configure:12600: $PKG_CONFIG --exists --print-errors "ao >= 1.1.0"
configure:12603: $? = 0
configure:12616: $PKG_CONFIG --exists --print-errors "ao >= 1.1.0"
configure:12619: $? = 0
configure:12654: result: yes
configure:12780: checking that generated files are newer than configure
configure:12786: result: done
configure:12833: creating ./config.status

## ---------------------- ##
## Running config.status. ##
## ---------------------- ##

This file was extended by shairplay config.status 0.9.0, which was
generated by GNU Autoconf 2.69.  Invocation command line was

  CONFIG_FILES    = 
  CONFIG_HEADERS  = 
  CONFIG_LINKS    = 
  CONFIG_COMMANDS = 
  $ ./config.status 

on viettd-Satellite-L505

config.status:1114: creating Makefile
config.status:1114: creating include/Makefile
config.status:1114: creating src/Makefile
config.status:1114: creating src/lib/Makefile
config.status:1114: creating src/lib/alac/Makefile
config.status:1114: creating src/lib/crypto/Makefile
config.status:1114: creating config.h
config.status:1343: executing depfiles commands
config.status:1343: executing libtool commands

## ---------------- ##
## Cache variables. ##
## ---------------- ##

ac_cv_build=x86_64-unknown-linux-gnu
ac_cv_c_compiler_gnu=yes
ac_cv_env_CC_set=
ac_cv_env_CC_value=
ac_cv_env_CFLAGS_set=
ac_cv_env_CFLAGS_value=
ac_cv_env_CPPFLAGS_set=
ac_cv_env_CPPFLAGS_value=
ac_cv_env_CPP_set=
ac_cv_env_CPP_value=
ac_cv_env_LDFLAGS_set=
ac_cv_env_LDFLAGS_value=
ac_cv_env_LIBS_set=
ac_cv_env_LIBS_value=
ac_cv_env_PKG_CONFIG_set=
ac_cv_env_PKG_CONFIG_value=
ac_cv_env_build_alias_set=
ac_cv_env_build_alias_value=
ac_cv_env_host_alias_set=
ac_cv_env_host_alias_value=
ac_cv_env_libao_CFLAGS_set=
ac_cv_env_libao_CFLAGS_value=
ac_cv_env_libao_LIBS_set=
ac_cv_env_libao_LIBS_value=
ac_cv_env_target_alias_set=
ac_cv_env_target_alias_value=
ac_cv_func_dlerror=yes
ac_cv_func_shl_load=no
ac_cv_header_dlfcn_h=yes
ac_cv_header_inttypes_h=yes
ac_cv_header_memory_h=yes
ac_cv_header_stdc=yes
ac_cv_header_stdint_h=yes
ac_cv_header_stdlib_h=yes
ac_cv_header_string_h=yes
ac_cv_header_strings_h=yes
ac_cv_header_sys_stat_h=yes
ac_cv_header_sys_types_h=yes
ac_cv_header_unistd_h=yes
ac_cv_host=x86_64-unknown-linux-gnu
ac_cv_lib_dld_dld_link=no
ac_cv_lib_dld_shl_load=no
ac_cv_lib_m_cos=yes
ac_cv_lib_pthread_pthread_create=yes
ac_cv_lib_socket_connect=no
ac_cv_objext=o
ac_cv_path_EGREP='/bin/grep -E'
ac_cv_path_FGREP='/bin/grep -F'
ac_cv_path_GREP=/bin/grep
ac_cv_path_SED=/bin/sed
ac_cv_path_ac_pt_PKG_CONFIG=/usr/bin/pkg-config
ac_cv_path_install='/usr/bin/install -c'
ac_cv_path_mkdir=/bin/mkdir
ac_cv_prog_AWK=mawk
ac_cv_prog_CPP='gcc -E'
ac_cv_prog_ac_ct_AR=ar
ac_cv_prog_ac_ct_CC=gcc
ac_cv_prog_ac_ct_DLLTOOL=dlltool
ac_cv_prog_ac_ct_MANIFEST_TOOL=mt
ac_cv_prog_ac_ct_OBJDUMP=objdump
ac_cv_prog_ac_ct_RANLIB=ranlib
ac_cv_prog_ac_ct_STRIP=strip
ac_cv_prog_cc_c89=
ac_cv_prog_cc_g=yes
ac_cv_prog_make_make_set=yes
ac_cv_search_dlopen=-ldl
am_cv_CC_dependencies_compiler_type=gcc3
am_cv_make_support_nested_variables=yes
am_cv_prog_cc_c_o=yes
libltdl_cv_lib_dl_dlopen=yes
lt_cv_ar_at_file=@
lt_cv_archive_cmds_need_lc=no
lt_cv_deplibs_check_method=pass_all
lt_cv_file_magic_cmd='$MAGIC_CMD'
lt_cv_file_magic_test_file=
lt_cv_ld_reload_flag=-r
lt_cv_nm_interface='BSD nm'
lt_cv_objdir=.libs
lt_cv_path_LD=/usr/bin/ld
lt_cv_path_NM='/usr/bin/nm -B'
lt_cv_path_mainfest_tool=no
lt_cv_prog_compiler_c_o=yes
lt_cv_prog_compiler_pic='-fPIC -DPIC'
lt_cv_prog_compiler_pic_works=yes
lt_cv_prog_compiler_rtti_exceptions=no
lt_cv_prog_compiler_static_works=yes
lt_cv_prog_gnu_ld=yes
lt_cv_sharedlib_from_linklib_cmd='printf %s\n'
lt_cv_shlibpath_overrides_runpath=no
lt_cv_sys_global_symbol_pipe='sed -n -e '\''s/^.*[	 ]\([ABCDGIRSTW][ABCDGIRSTW]*\)[	 ][	 ]*\([_A-Za-z][_A-Za-z0-9]*\)$/\1 \2 \2/p'\'' | sed '\''/ __gnu_lto/d'\'''
lt_cv_sys_global_symbol_to_c_name_address='sed -n -e '\''s/^: \([^ ]*\)[ ]*$/  {\"\1\", (void *) 0},/p'\'' -e '\''s/^[ABCDGIRSTW]* \([^ ]*\) \([^ ]*\)$/  {"\2", (void *) \&\2},/p'\'''
lt_cv_sys_global_symbol_to_c_name_address_lib_prefix='sed -n -e '\''s/^: \([^ ]*\)[ ]*$/  {\"\1\", (void *) 0},/p'\'' -e '\''s/^[ABCDGIRSTW]* \([^ ]*\) \(lib[^ ]*\)$/  {"\2", (void *) \&\2},/p'\'' -e '\''s/^[ABCDGIRSTW]* \([^ ]*\) \([^ ]*\)$/  {"lib\2", (void *) \&\2},/p'\'''
lt_cv_sys_global_symbol_to_cdecl='sed -n -e '\''s/^T .* \(.*\)$/extern int \1();/p'\'' -e '\''s/^[ABCDGIRSTW]* .* \(.*\)$/extern char \1;/p'\'''
lt_cv_sys_max_cmd_len=1572864
lt_cv_to_host_file_cmd=func_convert_file_noop
lt_cv_to_tool_file_cmd=func_convert_file_noop
pkg_cv_libao_CFLAGS=' '
pkg_cv_libao_LIBS='-lao  '

## ----------------- ##
## Output variables. ##
## ----------------- ##

ACLOCAL='${SHELL} /home/viettd/Documents/c++/shairplay/missing aclocal-1.14'
AMDEPBACKSLASH='\'
AMDEP_FALSE='#'
AMDEP_TRUE=''
AMTAR='$${TAR-tar}'
AM_BACKSLASH='\'
AM_DEFAULT_V='$(AM_DEFAULT_VERBOSITY)'
AM_DEFAULT_VERBOSITY='1'
AM_V='$(V)'
AR='ar'
AS='as'
AUTOCONF='${SHELL} /home/viettd/Documents/c++/shairplay/missing autoconf'
AUTOHEADER='${SHELL} /home/viettd/Documents/c++/shairplay/missing autoheader'
AUTOMAKE='${SHELL} /home/viettd/Documents/c++/shairplay/missing automake-1.14'
AWK='mawk'
CC='gcc'
CCDEPMODE='depmode=gcc3'
CFLAGS='-g -O2'
CPP='gcc -E'
CPPFLAGS=''
CYGPATH_W='echo'
DEFS='-DHAVE_CONFIG_H'
DEPDIR='.deps'
DLLTOOL='dlltool'
DSYMUTIL=''
DUMPBIN=''
ECHO_C=''
ECHO_N='-n'
ECHO_T=''
EGREP='/bin/grep -E'
EXEEXT=''
FGREP='/bin/grep -F'
GREP='/bin/grep'
HAVE_LIBAO_FALSE='#'
HAVE_LIBAO_TRUE=''
INSTALL_DATA='${INSTALL} -m 644'
INSTALL_PROGRAM='${INSTALL}'
INSTALL_SCRIPT='${INSTALL}'
INSTALL_STRIP_PROGRAM='$(install_sh) -c -s'
LD='/usr/bin/ld -m elf_x86_64'
LDFLAGS=''
LIBADD_DL='-ldl '
LIBADD_DLD_LINK=''
LIBADD_DLOPEN='-ldl'
LIBADD_SHL_LOAD=''
LIBM='-lm'
LIBOBJS=''
LIBS='-lpthread -ldl '
LIBTOOL='$(SHELL) $(top_builddir)/libtool'
LIPO=''
LN_S='ln -s'
LTLIBOBJS=''
LT_DLLOADERS=' dlopen.la'
LT_DLPREOPEN='-dlpreopen dlopen.la '
MAKEINFO='${SHELL} /home/viettd/Documents/c++/shairplay/missing makeinfo'
MANIFEST_TOOL=':'
MKDIR_P='/bin/mkdir -p'
NM='/usr/bin/nm -B'
NMEDIT=''
OBJDUMP='objdump'
OBJEXT='o'
OS_FREEBSD_FALSE=''
OS_FREEBSD_TRUE='#'
OS_GNU_FALSE='#'
OS_GNU_TRUE=''
OS_LINUX_FALSE='#'
OS_LINUX_TRUE=''
OS_UNIX_FALSE='#'
OS_UNIX_TRUE=''
OS_WIN32_FALSE=''
OS_WIN32_TRUE='#'
OTOOL64=''
OTOOL=''
PACKAGE='shairplay'
PACKAGE_BUGREPORT='juhovh@iki.fi'
PACKAGE_NAME='shairplay'
PACKAGE_STRING='shairplay 0.9.0'
PACKAGE_TARNAME='shairplay'
PACKAGE_URL=''
PACKAGE_VERSION='0.9.0'
PATH_SEPARATOR=':'
PKG_CONFIG='/usr/bin/pkg-config'
RANLIB='ranlib'
SED='/bin/sed'
SET_MAKE=''
SHELL='/bin/bash'
STRIP='strip'
VERSION='0.9.0'
ac_ct_AR='ar'
ac_ct_CC='gcc'
ac_ct_DUMPBIN=''
am__EXEEXT_FALSE=''
am__EXEEXT_TRUE='#'
am__fastdepCC_FALSE='#'
am__fastdepCC_TRUE=''
am__include='include'
am__isrc=''
am__leading_dot='.'
am__nodep='_no'
am__quote=''
am__tar='$${TAR-tar} chof - "$$tardir"'
am__untar='$${TAR-tar} xf -'
bindir='${exec_prefix}/bin'
build='x86_64-unknown-linux-gnu'
build_alias=''
build_cpu='x86_64'
build_os='linux-gnu'
build_vendor='unknown'
datadir='${datarootdir}'
datarootdir='${prefix}/share'
docdir='${datarootdir}/doc/${PACKAGE_TARNAME}'
dvidir='${docdir}'
exec_prefix='${prefix}'
host='x86_64-unknown-linux-gnu'
host_alias=''
host_cpu='x86_64'
host_os='linux-gnu'
host_vendor='unknown'
htmldir='${docdir}'
includedir='${prefix}/include'
infodir='${datarootdir}/info'
install_sh='${SHELL} /home/viettd/Documents/c++/shairplay/install-sh'
libao_CFLAGS=' '
libao_LIBS='-lao  '
libdir='${exec_prefix}/lib'
libexecdir='${exec_prefix}/libexec'
localedir='${datarootdir}/locale'
localstatedir='${prefix}/var'
mandir='${datarootdir}/man'
mkdir_p='$(MKDIR_P)'
oldincludedir='/usr/include'
pdfdir='${docdir}'
prefix='/usr/local'
program_transform_name='s,x,x,'
psdir='${docdir}'
sbindir='${exec_prefix}/sbin'
sharedstatedir='${prefix}/com'
sysconfdir='${prefix}/etc'
target_alias=''

## ----------- ##
## confdefs.h. ##
## ----------- ##

/* confdefs.h */
#define PACKAGE_NAME "shairplay"
#define PACKAGE_TARNAME "shairplay"
#define PACKAGE_VERSION "0.9.0"
#define PACKAGE_STRING "shairplay 0.9.0"
#define PACKAGE_BUGREPORT "juhovh@iki.fi"
#define PACKAGE_URL ""
#define PACKAGE "shairplay"
#define VERSION "0.9.0"
#define STDC_HEADERS 1
#define HAVE_SYS_TYPES_H 1
#define HAVE_SYS_STAT_H 1
#define HAVE_STDLIB_H 1
#define HAVE_STRING_H 1
#define HAVE_MEMORY_H 1
#define HAVE_STRINGS_H 1
#define HAVE_INTTYPES_H 1
#define HAVE_STDINT_H 1
#define HAVE_UNISTD_H 1
#define HAVE_DLFCN_H 1
#define LT_OBJDIR ".libs/"
#define HAVE_LIBDL 1
#define HAVE_DLERROR 1
#define HAVE_LIBDLLOADER 1
#define STDC_HEADERS 1
#define HAVE_LIBPTHREAD 1

configure: exit 0
